iCare/iCare/app/build/intermediates/manifest_merge_blame_file/debug/manifest-merger-blame-debug-report.txt
1<?xml version="1.0" encoding="utf-8"?>
2<manifest xmlns:android="http://schemas.android.com/apk/res/android"
3    package="com.example.icare"
4    android:versionCode="1"
5    android:versionName="1.0" >
6
7    <uses-sdk
8        android:minSdkVersion="21"
8-->src\main\AndroidManifest.xml
9        android:targetSdkVersion="33" />
9-->src\main\AndroidManifest.xml
10
11    <uses-permission android:name="android.permission.INTERNET" />
11-->src\main\AndroidManifest.xml:5:5-67
11-->src\main\AndroidManifest.xml:5:22-64
12    <uses-permission android:name="android.permission.VIBRATE" />
12-->src\main\AndroidManifest.xml:6:5-66
12-->src\main\AndroidManifest.xml:6:22-63
13    <uses-permission android:name="android.permission.RECEIVE_BOOT_COMPLETED" />
13-->src\main\AndroidManifest.xml:7:5-81
13-->src\main\AndroidManifest.xml:7:22-78
14
15    <!-- Although the *SdkVersion is captured in gradle build files, this is required for non gradle builds -->
16    <!-- <uses-sdk android:minSdkVersion="14"/> -->
17    <uses-permission android:name="android.permission.ACCESS_NETWORK_STATE" />
17-->[com.google.firebase:firebase-database:20.2.1] AndroidManifest.xml:24:5-79
17-->[com.google.firebase:firebase-database:20.2.1] AndroidManifest.xml:24:22-76
18    <uses-permission android:name="android.permission.POST_NOTIFICATIONS" />
18-->[com.google.firebase:firebase-messaging:23.1.2] AndroidManifest.xml:25:5-77
18-->[com.google.firebase:firebase-messaging:23.1.2] AndroidManifest.xml:25:22-74
19    <uses-permission android:name="android.permission.WAKE_LOCK" /> <!-- Required by older versions of Google Play services to create IID tokens -->
19-->[com.google.firebase:firebase-messaging:23.1.2] AndroidManifest.xml:26:5-68
19-->[com.google.firebase:firebase-messaging:23.1.2] AndroidManifest.xml:26:22-65
20    <uses-permission android:name="com.google.android.c2dm.permission.RECEIVE" />
20-->[com.google.firebase:firebase-messaging:23.1.2] AndroidManifest.xml:28:5-82
20-->[com.google.firebase:firebase-messaging:23.1.2] AndroidManifest.xml:28:22-79
21
22    <permission
22-->[androidx.core:core:1.9.0] AndroidManifest.xml:22:5-24:47
23        android:name="com.example.icare.DYNAMIC_RECEIVER_NOT_EXPORTED_PERMISSION"
23-->[androidx.core:core:1.9.0] AndroidManifest.xml:23:9-81
24        android:protectionLevel="signature" />
24-->[androidx.core:core:1.9.0] AndroidManifest.xml:24:9-44
25
26    <uses-permission android:name="com.example.icare.DYNAMIC_RECEIVER_NOT_EXPORTED_PERMISSION" />
26-->[androidx.core:core:1.9.0] AndroidManifest.xml:26:5-97
26-->[androidx.core:core:1.9.0] AndroidManifest.xml:26:22-94
27
28    <application
28-->src\main\AndroidManifest.xml:9:5-133:19
29        android:allowBackup="true"
29-->src\main\AndroidManifest.xml:10:9-35
30        android:appComponentFactory="androidx.core.app.CoreComponentFactory"
30-->[androidx.core:core:1.9.0] AndroidManifest.xml:28:18-86
31        android:dataExtractionRules="@xml/data_extraction_rules"
31-->src\main\AndroidManifest.xml:11:9-65
32        android:debuggable="true"
33        android:fullBackupContent="@xml/backup_rules"
33-->src\main\AndroidManifest.xml:12:9-54
34        android:icon="@mipmap/ic_launcher"
34-->src\main\AndroidManifest.xml:13:9-43
35        android:label="@string/app_name"
35-->src\main\AndroidManifest.xml:14:9-41
36        android:supportsRtl="true"
36-->src\main\AndroidManifest.xml:15:9-35
37        android:theme="@style/Theme.ICare" >
37-->src\main\AndroidManifest.xml:16:9-43
38        <activity
38-->src\main\AndroidManifest.xml:18:9-20:40
39            android:name="com.example.icare.Authentication.Doctor_Signup_Specialty"
39-->src\main\AndroidManifest.xml:19:13-67
40            android:exported="false" />
40-->src\main\AndroidManifest.xml:20:13-37
41        <activity
41-->src\main\AndroidManifest.xml:21:9-23:40
42            android:name="com.example.icare.Doctor_Appointment.Patient_Findings"
42-->src\main\AndroidManifest.xml:22:13-64
43            android:exported="false" />
43-->src\main\AndroidManifest.xml:23:13-37
44        <activity
44-->src\main\AndroidManifest.xml:24:9-26:40
45            android:name="com.example.icare.Doctor_Appointment.DoctorFindings"
45-->src\main\AndroidManifest.xml:25:13-62
46            android:exported="false" />
46-->src\main\AndroidManifest.xml:26:13-37
47        <activity
47-->src\main\AndroidManifest.xml:27:9-29:40
48            android:name="com.example.icare.Doctor_Appointment.DoctorListAppointments"
48-->src\main\AndroidManifest.xml:28:13-70
49            android:exported="false" />
49-->src\main\AndroidManifest.xml:29:13-37
50
51        <receiver
51-->src\main\AndroidManifest.xml:31:9-37:20
52            android:name="com.example.icare.NotificationReceiver"
52-->src\main\AndroidManifest.xml:32:13-66
53            android:exported="false" >
53-->src\main\AndroidManifest.xml:33:13-37
54            <intent-filter>
54-->src\main\AndroidManifest.xml:34:13-36:29
55                <action android:name="android.intent.action.BOOT_COMPLETED" />
55-->src\main\AndroidManifest.xml:35:17-79
55-->src\main\AndroidManifest.xml:35:25-76
56            </intent-filter>
57        </receiver>
58
59        <activity
59-->src\main\AndroidManifest.xml:39:9-41:40
60            android:name="com.example.icare.Doctor_Appointment.Setting_Appointment"
60-->src\main\AndroidManifest.xml:40:13-67
61            android:exported="false" />
61-->src\main\AndroidManifest.xml:41:13-37
62        <activity
62-->src\main\AndroidManifest.xml:42:9-44:40
63            android:name="com.example.icare.Patient_Appointment.Patient_Appointment_Step2"
63-->src\main\AndroidManifest.xml:43:13-74
64            android:exported="false" />
64-->src\main\AndroidManifest.xml:44:13-37
65        <activity
65-->src\main\AndroidManifest.xml:45:9-47:40
66            android:name="com.example.icare.Authentication.Doctor_Signup"
66-->src\main\AndroidManifest.xml:46:13-57
67            android:exported="false" />
67-->src\main\AndroidManifest.xml:47:13-37
68        <activity
68-->src\main\AndroidManifest.xml:48:9-50:40
69            android:name="com.example.icare.Fragment.DoctorDets"
69-->src\main\AndroidManifest.xml:49:13-48
70            android:exported="false" />
70-->src\main\AndroidManifest.xml:50:13-37
71        <activity
71-->src\main\AndroidManifest.xml:51:9-53:40
72            android:name="com.example.icare.Doctor_Appointment.DoctorSetAppointment"
72-->src\main\AndroidManifest.xml:52:13-68
73            android:exported="false" />
73-->src\main\AndroidManifest.xml:53:13-37
74        <activity
74-->src\main\AndroidManifest.xml:54:9-56:40
75            android:name="com.example.icare.Doctor_Appointment.Doctor_Appointment"
75-->src\main\AndroidManifest.xml:55:13-66
76            android:exported="false" />
76-->src\main\AndroidManifest.xml:56:13-37
77        <activity
77-->src\main\AndroidManifest.xml:57:9-59:40
78            android:name="com.example.icare.Patient_Appointment.Patient_Appointment_4"
78-->src\main\AndroidManifest.xml:58:13-70
79            android:exported="false" />
79-->src\main\AndroidManifest.xml:59:13-37
80        <activity
80-->src\main\AndroidManifest.xml:60:9-62:40
81            android:name="com.example.icare.Patient_Appointment.Patient_Appointment_3"
81-->src\main\AndroidManifest.xml:61:13-70
82            android:exported="false" />
82-->src\main\AndroidManifest.xml:62:13-37
83        <activity
83-->src\main\AndroidManifest.xml:63:9-65:40
84            android:name="com.example.icare.Patient_Appointment.Patient_Appointment_2"
84-->src\main\AndroidManifest.xml:64:13-70
85            android:exported="false" />
85-->src\main\AndroidManifest.xml:65:13-37
86        <activity
86-->src\main\AndroidManifest.xml:66:9-68:40
87            android:name="com.example.icare.Patient_Appointment.Patient_Appointment"
87-->src\main\AndroidManifest.xml:67:13-68
88            android:exported="false" />
88-->src\main\AndroidManifest.xml:68:13-37
89        <activity
89-->src\main\AndroidManifest.xml:69:9-71:40
90            android:name="com.example.icare.Fragment.Neurologist"
90-->src\main\AndroidManifest.xml:70:13-49
91            android:exported="false" />
91-->src\main\AndroidManifest.xml:71:13-37
92        <activity
92-->src\main\AndroidManifest.xml:72:9-74:40
93            android:name="com.example.icare.Fragment.Dietician"
93-->src\main\AndroidManifest.xml:73:13-47
94            android:exported="false" />
94-->src\main\AndroidManifest.xml:74:13-37
95        <activity
95-->src\main\AndroidManifest.xml:75:9-77:40
96            android:name="com.example.icare.Fragment.Pediatrician"
96-->src\main\AndroidManifest.xml:76:13-50
97            android:exported="false" />
97-->src\main\AndroidManifest.xml:77:13-37
98        <activity
98-->src\main\AndroidManifest.xml:78:9-80:40
99            android:name="com.example.icare.Fragment.Cardiologist"
99-->src\main\AndroidManifest.xml:79:13-50
100            android:exported="false" />
100-->src\main\AndroidManifest.xml:80:13-37
101        <activity
101-->src\main\AndroidManifest.xml:81:9-83:40
102            android:name="com.example.icare.Authentication.Sign_up_2"
102-->src\main\AndroidManifest.xml:82:13-53
103            android:exported="false" />
103-->src\main\AndroidManifest.xml:83:13-37
104        <activity
104-->src\main\AndroidManifest.xml:84:9-86:40
105            android:name="com.example.icare.Fragment.Landing_Page"
105-->src\main\AndroidManifest.xml:85:13-50
106            android:exported="false" />
106-->src\main\AndroidManifest.xml:86:13-37
107        <activity
107-->src\main\AndroidManifest.xml:87:9-89:40
108            android:name="com.example.icare.Fragment.Intro"
108-->src\main\AndroidManifest.xml:88:13-43
109            android:exported="false" />
109-->src\main\AndroidManifest.xml:89:13-37
110        <activity
110-->src\main\AndroidManifest.xml:90:9-92:40
111            android:name="com.example.icare.Fragment.Home_Activity"
111-->src\main\AndroidManifest.xml:91:13-51
112            android:exported="false" />
112-->src\main\AndroidManifest.xml:92:13-37
113        <activity
113-->src\main\AndroidManifest.xml:93:9-95:40
114            android:name="com.example.icare.Fragment.HomeFragment"
114-->src\main\AndroidManifest.xml:94:13-50
115            android:exported="false" />
115-->src\main\AndroidManifest.xml:95:13-37
116        <activity
116-->src\main\AndroidManifest.xml:96:9-98:40
117            android:name="com.example.icare.Fragment.DoctorFragment"
117-->src\main\AndroidManifest.xml:97:13-52
118            android:exported="false" />
118-->src\main\AndroidManifest.xml:98:13-37
119        <activity
119-->src\main\AndroidManifest.xml:99:9-101:40
120            android:name="com.example.icare.activities.UsersActivity"
120-->src\main\AndroidManifest.xml:100:13-53
121            android:exported="false" />
121-->src\main\AndroidManifest.xml:101:13-37
122        <activity
122-->src\main\AndroidManifest.xml:102:9-104:40
123            android:name="com.example.icare.Authentication.Sign_up"
123-->src\main\AndroidManifest.xml:103:13-51
124            android:exported="false" />
124-->src\main\AndroidManifest.xml:104:13-37
125        <activity
125-->src\main\AndroidManifest.xml:105:9-107:40
126            android:name="com.example.icare.Authentication.Login"
126-->src\main\AndroidManifest.xml:106:13-49
127            android:exported="false" />
127-->src\main\AndroidManifest.xml:107:13-37
128        <activity
128-->src\main\AndroidManifest.xml:108:9-111:58
129            android:name="com.example.icare.activities.ChatActivity"
129-->src\main\AndroidManifest.xml:109:13-52
130            android:exported="false"
130-->src\main\AndroidManifest.xml:110:13-37
131            android:windowSoftInputMode="adjustResize" />
131-->src\main\AndroidManifest.xml:111:13-55
132        <activity
132-->src\main\AndroidManifest.xml:112:9-120:20
133            android:name="com.example.icare.MainActivity"
133-->src\main\AndroidManifest.xml:113:13-41
134            android:exported="true" >
134-->src\main\AndroidManifest.xml:114:13-36
135            <intent-filter>
135-->src\main\AndroidManifest.xml:115:13-119:29
136                <action android:name="android.intent.action.MAIN" />
136-->src\main\AndroidManifest.xml:116:17-69
136-->src\main\AndroidManifest.xml:116:25-66
137
138                <category android:name="android.intent.category.LAUNCHER" />
138-->src\main\AndroidManifest.xml:118:17-77
138-->src\main\AndroidManifest.xml:118:27-74
139            </intent-filter>
140        </activity>
141
142        <meta-data
142-->src\main\AndroidManifest.xml:122:9-124:57
143            android:name="preloaded_fonts"
143-->src\main\AndroidManifest.xml:123:13-43
144            android:resource="@array/preloaded_fonts" />
144-->src\main\AndroidManifest.xml:124:13-54
145
146        <service
146-->src\main\AndroidManifest.xml:126:9-132:19
147            android:name="com.example.icare.firebase.MessagingService"
147-->src\main\AndroidManifest.xml:127:13-54
148            android:exported="false" >
148-->src\main\AndroidManifest.xml:128:13-37
149            <intent-filter>
149-->src\main\AndroidManifest.xml:129:13-131:29
150                <action android:name="com.google.firebase.INSTANCE_ID_EVENT" />
150-->src\main\AndroidManifest.xml:130:17-80
150-->src\main\AndroidManifest.xml:130:25-77
151            </intent-filter>
152        </service>
153        <service
153-->[com.google.firebase:firebase-auth-ktx:21.2.0] AndroidManifest.xml:8:9-14:19
154            android:name="com.google.firebase.components.ComponentDiscoveryService"
154-->[com.google.firebase:firebase-auth-ktx:21.2.0] AndroidManifest.xml:9:13-84
155            android:directBootAware="true"
155-->[com.google.firebase:firebase-common:20.3.2] AndroidManifest.xml:34:13-43
156            android:exported="false" >
156-->[com.google.firebase:firebase-auth-ktx:21.2.0] AndroidManifest.xml:10:13-37
157            <meta-data
157-->[com.google.firebase:firebase-auth-ktx:21.2.0] AndroidManifest.xml:11:13-13:85
158                android:name="com.google.firebase.components:com.google.firebase.auth.ktx.FirebaseAuthKtxRegistrar"
158-->[com.google.firebase:firebase-auth-ktx:21.2.0] AndroidManifest.xml:12:17-116
159                android:value="com.google.firebase.components.ComponentRegistrar" />
159-->[com.google.firebase:firebase-auth-ktx:21.2.0] AndroidManifest.xml:13:17-82
160            <meta-data
160-->[com.google.firebase:firebase-database-ktx:20.2.1] AndroidManifest.xml:14:13-16:85
161                android:name="com.google.firebase.components:com.google.firebase.database.ktx.FirebaseDatabaseKtxRegistrar"
161-->[com.google.firebase:firebase-database-ktx:20.2.1] AndroidManifest.xml:15:17-124
162                android:value="com.google.firebase.components.ComponentRegistrar" />
162-->[com.google.firebase:firebase-database-ktx:20.2.1] AndroidManifest.xml:16:17-82
163            <meta-data
163-->[com.google.firebase:firebase-database:20.2.1] AndroidManifest.xml:31:13-33:85
164                android:name="com.google.firebase.components:com.google.firebase.database.DatabaseRegistrar"
164-->[com.google.firebase:firebase-database:20.2.1] AndroidManifest.xml:32:17-109
165                android:value="com.google.firebase.components.ComponentRegistrar" />
165-->[com.google.firebase:firebase-database:20.2.1] AndroidManifest.xml:33:17-82
166            <meta-data
166-->[com.google.firebase:firebase-firestore-ktx:24.6.0] AndroidManifest.xml:14:13-16:85
167                android:name="com.google.firebase.components:com.google.firebase.firestore.ktx.FirebaseFirestoreKtxRegistrar"
167-->[com.google.firebase:firebase-firestore-ktx:24.6.0] AndroidManifest.xml:15:17-126
168                android:value="com.google.firebase.components.ComponentRegistrar" />
168-->[com.google.firebase:firebase-firestore-ktx:24.6.0] AndroidManifest.xml:16:17-82
169            <meta-data
169-->[com.google.firebase:firebase-firestore:24.6.0] AndroidManifest.xml:19:13-21:85
170                android:name="com.google.firebase.components:com.google.firebase.firestore.FirestoreRegistrar"
170-->[com.google.firebase:firebase-firestore:24.6.0] AndroidManifest.xml:20:17-111
171                android:value="com.google.firebase.components.ComponentRegistrar" />
171-->[com.google.firebase:firebase-firestore:24.6.0] AndroidManifest.xml:21:17-82
172            <meta-data
172-->[com.google.firebase:firebase-messaging-ktx:23.1.2] AndroidManifest.xml:28:13-30:85
173                android:name="com.google.firebase.components:com.google.firebase.messaging.ktx.FirebaseMessagingKtxRegistrar"
173-->[com.google.firebase:firebase-messaging-ktx:23.1.2] AndroidManifest.xml:29:17-126
174                android:value="com.google.firebase.components.ComponentRegistrar" />
174-->[com.google.firebase:firebase-messaging-ktx:23.1.2] AndroidManifest.xml:30:17-82
175            <meta-data
175-->[com.google.firebase:firebase-auth:21.2.0] AndroidManifest.xml:69:13-71:85
176                android:name="com.google.firebase.components:com.google.firebase.auth.FirebaseAuthRegistrar"
176-->[com.google.firebase:firebase-auth:21.2.0] AndroidManifest.xml:70:17-109
177                android:value="com.google.firebase.components.ComponentRegistrar" />
177-->[com.google.firebase:firebase-auth:21.2.0] AndroidManifest.xml:71:17-82
178            <meta-data
178-->[com.google.firebase:firebase-messaging:23.1.2] AndroidManifest.xml:55:13-57:85
179                android:name="com.google.firebase.components:com.google.firebase.messaging.FirebaseMessagingRegistrar"
179-->[com.google.firebase:firebase-messaging:23.1.2] AndroidManifest.xml:56:17-119
180                android:value="com.google.firebase.components.ComponentRegistrar" />
180-->[com.google.firebase:firebase-messaging:23.1.2] AndroidManifest.xml:57:17-82
181            <meta-data
181-->[com.google.firebase:firebase-common-ktx:20.3.2] AndroidManifest.xml:14:13-16:85
182                android:name="com.google.firebase.components:com.google.firebase.ktx.FirebaseCommonKtxRegistrar"
182-->[com.google.firebase:firebase-common-ktx:20.3.2] AndroidManifest.xml:15:17-113
183                android:value="com.google.firebase.components.ComponentRegistrar" />
183-->[com.google.firebase:firebase-common-ktx:20.3.2] AndroidManifest.xml:16:17-82
184            <meta-data
184-->[com.google.firebase:firebase-datatransport:18.1.7] AndroidManifest.xml:27:13-29:85
185                android:name="com.google.firebase.components:com.google.firebase.datatransport.TransportRegistrar"
185-->[com.google.firebase:firebase-datatransport:18.1.7] AndroidManifest.xml:28:17-115
186                android:value="com.google.firebase.components.ComponentRegistrar" />
186-->[com.google.firebase:firebase-datatransport:18.1.7] AndroidManifest.xml:29:17-82
187            <meta-data
187-->[com.google.firebase:firebase-installations:17.1.3] AndroidManifest.xml:17:13-19:85
188                android:name="com.google.firebase.components:com.google.firebase.installations.FirebaseInstallationsRegistrar"
188-->[com.google.firebase:firebase-installations:17.1.3] AndroidManifest.xml:18:17-127
189                android:value="com.google.firebase.components.ComponentRegistrar" />
189-->[com.google.firebase:firebase-installations:17.1.3] AndroidManifest.xml:19:17-82
190        </service>
191
192        <provider
192-->[com.squareup.picasso:picasso:2.71828] AndroidManifest.xml:8:9-11:40
193            android:name="com.squareup.picasso.PicassoProvider"
193-->[com.squareup.picasso:picasso:2.71828] AndroidManifest.xml:9:13-64
194            android:authorities="com.example.icare.com.squareup.picasso"
194-->[com.squareup.picasso:picasso:2.71828] AndroidManifest.xml:10:13-72
195            android:exported="false" />
195-->[com.squareup.picasso:picasso:2.71828] AndroidManifest.xml:11:13-37
196
197        <activity
197-->[com.google.firebase:firebase-auth:21.2.0] AndroidManifest.xml:29:9-46:20
198            android:name="com.google.firebase.auth.internal.GenericIdpActivity"
198-->[com.google.firebase:firebase-auth:21.2.0] AndroidManifest.xml:30:13-80
199            android:excludeFromRecents="true"
199-->[com.google.firebase:firebase-auth:21.2.0] AndroidManifest.xml:31:13-46
200            android:exported="true"
200-->[com.google.firebase:firebase-auth:21.2.0] AndroidManifest.xml:32:13-36
201            android:launchMode="singleTask"
201-->[com.google.firebase:firebase-auth:21.2.0] AndroidManifest.xml:33:13-44
202            android:theme="@android:style/Theme.Translucent.NoTitleBar" >
202-->[com.google.firebase:firebase-auth:21.2.0] AndroidManifest.xml:34:13-72
203            <intent-filter>
203-->[com.google.firebase:firebase-auth:21.2.0] AndroidManifest.xml:35:13-45:29
204                <action android:name="android.intent.action.VIEW" />
204-->[com.google.firebase:firebase-auth:21.2.0] AndroidManifest.xml:36:17-69
204-->[com.google.firebase:firebase-auth:21.2.0] AndroidManifest.xml:36:25-66
205
206                <category android:name="android.intent.category.DEFAULT" />
206-->[com.google.firebase:firebase-auth:21.2.0] AndroidManifest.xml:38:17-76
206-->[com.google.firebase:firebase-auth:21.2.0] AndroidManifest.xml:38:27-73
207                <category android:name="android.intent.category.BROWSABLE" />
207-->[com.google.firebase:firebase-auth:21.2.0] AndroidManifest.xml:39:17-78
207-->[com.google.firebase:firebase-auth:21.2.0] AndroidManifest.xml:39:27-75
208
209                <data
209-->[com.google.firebase:firebase-auth:21.2.0] AndroidManifest.xml:41:17-44:51
210                    android:host="firebase.auth"
210-->[com.google.firebase:firebase-auth:21.2.0] AndroidManifest.xml:42:21-49
211                    android:path="/"
211-->[com.google.firebase:firebase-auth:21.2.0] AndroidManifest.xml:43:21-37
212                    android:scheme="genericidp" />
212-->[com.google.firebase:firebase-auth:21.2.0] AndroidManifest.xml:44:21-48
213            </intent-filter>
214        </activity>
215        <activity
215-->[com.google.firebase:firebase-auth:21.2.0] AndroidManifest.xml:47:9-64:20
216            android:name="com.google.firebase.auth.internal.RecaptchaActivity"
216-->[com.google.firebase:firebase-auth:21.2.0] AndroidManifest.xml:48:13-79
217            android:excludeFromRecents="true"
217-->[com.google.firebase:firebase-auth:21.2.0] AndroidManifest.xml:49:13-46
218            android:exported="true"
218-->[com.google.firebase:firebase-auth:21.2.0] AndroidManifest.xml:50:13-36
219            android:launchMode="singleTask"
219-->[com.google.firebase:firebase-auth:21.2.0] AndroidManifest.xml:51:13-44
220            android:theme="@android:style/Theme.Translucent.NoTitleBar" >
220-->[com.google.firebase:firebase-auth:21.2.0] AndroidManifest.xml:52:13-72
221            <intent-filter>
221-->[com.google.firebase:firebase-auth:21.2.0] AndroidManifest.xml:53:13-63:29
222                <action android:name="android.intent.action.VIEW" />
222-->[com.google.firebase:firebase-auth:21.2.0] AndroidManifest.xml:36:17-69
222-->[com.google.firebase:firebase-auth:21.2.0] AndroidManifest.xml:36:25-66
223
224                <category android:name="android.intent.category.DEFAULT" />
224-->[com.google.firebase:firebase-auth:21.2.0] AndroidManifest.xml:38:17-76
224-->[com.google.firebase:firebase-auth:21.2.0] AndroidManifest.xml:38:27-73
225                <category android:name="android.intent.category.BROWSABLE" />
225-->[com.google.firebase:firebase-auth:21.2.0] AndroidManifest.xml:39:17-78
225-->[com.google.firebase:firebase-auth:21.2.0] AndroidManifest.xml:39:27-75
226
227                <data
227-->[com.google.firebase:firebase-auth:21.2.0] AndroidManifest.xml:41:17-44:51
228                    android:host="firebase.auth"
228-->[com.google.firebase:firebase-auth:21.2.0] AndroidManifest.xml:42:21-49
229                    android:path="/"
229-->[com.google.firebase:firebase-auth:21.2.0] AndroidManifest.xml:43:21-37
230                    android:scheme="recaptcha" />
230-->[com.google.firebase:firebase-auth:21.2.0] AndroidManifest.xml:44:21-48
231            </intent-filter>
232        </activity>
233
234        <receiver
234-->[com.google.firebase:firebase-messaging:23.1.2] AndroidManifest.xml:31:9-38:20
235            android:name="com.google.firebase.iid.FirebaseInstanceIdReceiver"
235-->[com.google.firebase:firebase-messaging:23.1.2] AndroidManifest.xml:32:13-78
236            android:exported="true"
236-->[com.google.firebase:firebase-messaging:23.1.2] AndroidManifest.xml:33:13-36
237            android:permission="com.google.android.c2dm.permission.SEND" >
237-->[com.google.firebase:firebase-messaging:23.1.2] AndroidManifest.xml:34:13-73
238            <intent-filter>
238-->[com.google.firebase:firebase-messaging:23.1.2] AndroidManifest.xml:35:13-37:29
239                <action android:name="com.google.android.c2dm.intent.RECEIVE" />
239-->[com.google.firebase:firebase-messaging:23.1.2] AndroidManifest.xml:36:17-81
239-->[com.google.firebase:firebase-messaging:23.1.2] AndroidManifest.xml:36:25-78
240            </intent-filter>
241        </receiver>
242        <!--
243             FirebaseMessagingService performs security checks at runtime,
244             but set to not exported to explicitly avoid allowing another app to call it.
245        -->
246        <service
246-->[com.google.firebase:firebase-messaging:23.1.2] AndroidManifest.xml:44:9-51:19
247            android:name="com.google.firebase.messaging.FirebaseMessagingService"
247-->[com.google.firebase:firebase-messaging:23.1.2] AndroidManifest.xml:45:13-82
248            android:directBootAware="true"
248-->[com.google.firebase:firebase-messaging:23.1.2] AndroidManifest.xml:46:13-43
249            android:exported="false" >
249-->[com.google.firebase:firebase-messaging:23.1.2] AndroidManifest.xml:47:13-37
250            <intent-filter android:priority="-500" >
250-->[com.google.firebase:firebase-messaging:23.1.2] AndroidManifest.xml:48:13-50:29
250-->[com.google.firebase:firebase-messaging:23.1.2] AndroidManifest.xml:48:28-51
251                <action android:name="com.google.firebase.MESSAGING_EVENT" />
251-->[com.google.firebase:firebase-messaging:23.1.2] AndroidManifest.xml:49:17-78
251-->[com.google.firebase:firebase-messaging:23.1.2] AndroidManifest.xml:49:25-75
252            </intent-filter>
253        </service>
254
255        <provider
255-->[com.google.firebase:firebase-common:20.3.2] AndroidManifest.xml:25:9-30:39
256            android:name="com.google.firebase.provider.FirebaseInitProvider"
256-->[com.google.firebase:firebase-common:20.3.2] AndroidManifest.xml:26:13-77
257            android:authorities="com.example.icare.firebaseinitprovider"
257-->[com.google.firebase:firebase-common:20.3.2] AndroidManifest.xml:27:13-72
258            android:directBootAware="true"
258-->[com.google.firebase:firebase-common:20.3.2] AndroidManifest.xml:28:13-43
259            android:exported="false"
259-->[com.google.firebase:firebase-common:20.3.2] AndroidManifest.xml:29:13-37
260            android:initOrder="100" />
260-->[com.google.firebase:firebase-common:20.3.2] AndroidManifest.xml:30:13-36
261
262        <activity
262-->[com.google.android.gms:play-services-base:18.1.0] AndroidManifest.xml:20:9-22:45
263            android:name="com.google.android.gms.common.api.GoogleApiActivity"
263-->[com.google.android.gms:play-services-base:18.1.0] AndroidManifest.xml:20:19-85
264            android:exported="false"
264-->[com.google.android.gms:play-services-base:18.1.0] AndroidManifest.xml:22:19-43
265            android:theme="@android:style/Theme.Translucent.NoTitleBar" />
265-->[com.google.android.gms:play-services-base:18.1.0] AndroidManifest.xml:21:19-78
266
267        <meta-data
267-->[com.google.android.gms:play-services-basement:18.1.0] AndroidManifest.xml:21:9-23:69
268            android:name="com.google.android.gms.version"
268-->[com.google.android.gms:play-services-basement:18.1.0] AndroidManifest.xml:22:13-58
269            android:value="@integer/google_play_services_version" />
269-->[com.google.android.gms:play-services-basement:18.1.0] AndroidManifest.xml:23:13-66
270
271        <provider
271-->[androidx.emoji2:emoji2:1.2.0] AndroidManifest.xml:24:9-32:20
272            android:name="androidx.startup.InitializationProvider"
272-->[androidx.emoji2:emoji2:1.2.0] AndroidManifest.xml:25:13-67
273            android:authorities="com.example.icare.androidx-startup"
273-->[androidx.emoji2:emoji2:1.2.0] AndroidManifest.xml:26:13-68
274            android:exported="false" >
274-->[androidx.emoji2:emoji2:1.2.0] AndroidManifest.xml:27:13-37
275            <meta-data
275-->[androidx.emoji2:emoji2:1.2.0] AndroidManifest.xml:29:13-31:52
276                android:name="androidx.emoji2.text.EmojiCompatInitializer"
276-->[androidx.emoji2:emoji2:1.2.0] AndroidManifest.xml:30:17-75
277                android:value="androidx.startup" />
277-->[androidx.emoji2:emoji2:1.2.0] AndroidManifest.xml:31:17-49
278            <meta-data
278-->[androidx.lifecycle:lifecycle-process:2.4.1] AndroidManifest.xml:31:13-33:52
279                android:name="androidx.lifecycle.ProcessLifecycleInitializer"
279-->[androidx.lifecycle:lifecycle-process:2.4.1] AndroidManifest.xml:32:17-78
280                android:value="androidx.startup" />
280-->[androidx.lifecycle:lifecycle-process:2.4.1] AndroidManifest.xml:33:17-49
281        </provider>
282
283        <service
283-->[com.google.android.datatransport:transport-backend-cct:3.1.8] AndroidManifest.xml:28:9-34:19
284            android:name="com.google.android.datatransport.runtime.backends.TransportBackendDiscovery"
284-->[com.google.android.datatransport:transport-backend-cct:3.1.8] AndroidManifest.xml:29:13-103
285            android:exported="false" >
285-->[com.google.android.datatransport:transport-backend-cct:3.1.8] AndroidManifest.xml:30:13-37
286            <meta-data